[debug] [2022-05-21T17:52:37.700Z] ----------------------------------------------------------------------
[debug] [2022-05-21T17:52:37.701Z] Command:       C:\Program Files\nodejs\node.exe C:\Users\Aryan Pandey\AppData\Roaming\npm\node_modules\firebase-tools\lib\bin\firebase.js init
[debug] [2022-05-21T17:52:37.702Z] CLI Version:   11.0.0
[debug] [2022-05-21T17:52:37.702Z] Platform:      win32
[debug] [2022-05-21T17:52:37.702Z] Node Version:  v16.15.0
[debug] [2022-05-21T17:52:37.703Z] Time:          Sat May 21 2022 23:22:37 GMT+0530 (India Standard Time)
[debug] [2022-05-21T17:52:37.703Z] ----------------------------------------------------------------------
[debug] 
[debug] [2022-05-21T17:52:37.752Z] > command requires scopes: ["email","openid","https://www.googleapis.com/auth/cloudplatformprojects.readonly","https://www.googleapis.com/auth/firebase","https://www.googleapis.com/auth/cloud-platform"]
[debug] [2022-05-21T17:52:37.753Z] > authorizing via signed-in user (aryanpandey1507@gmail.com)
[info] 
     ######## #### ########  ######## ########     ###     ######  ########
     ##        ##  ##     ## ##       ##     ##  ##   ##  ##       ##
     ######    ##  ########  ######   ########  #########  ######  ######
     ##        ##  ##    ##  ##       ##     ## ##     ##       ## ##
     ##       #### ##     ## ######## ########  ##     ##  ######  ########

You're about to initialize a Firebase project in this directory:

  C:\WEB-DEV\React\reactCC\Disney\disneycl

Before we get started, keep in mind:

  * You are currently outside your home directory
  * You are initializing within an existing Firebase project directory

